<?xml version="1.0" encoding="UTF-8"?>
<!-- Generated by org.testng.reporters.JUnitReportReporter -->
<testsuite skipped="0" hostname="BLRPRAFWD21790" name="com.practice.examples.GroupEx" tests="6" failures="0" timestamp="19 Mar 2018 13:24:16 GMT" time="0.006" errors="0">
  <testcase name="java3" time="0.001" classname="com.practice.examples.GroupEx"/>
  <testcase name="java1" time="0.001" classname="com.practice.examples.GroupEx"/>
  <testcase name="py1" time="0.001" classname="com.practice.examples.GroupEx"/>
  <testcase name="py2" time="0.001" classname="com.practice.examples.GroupEx"/>
  <testcase name="java2" time="0.001" classname="com.practice.examples.GroupEx"/>
  <testcase name="py3" time="0.001" classname="com.practice.examples.GroupEx"/>
</testsuite> <!-- com.practice.examples.GroupEx -->
