<?xml version="1.0" encoding="UTF-8"?>
<!-- Generated by org.testng.reporters.JUnitReportReporter -->
<testsuite skipped="0" hostname="BLRPRAFWD21790" name="examples.ParameterEx" tests="2" failures="0" timestamp="19 Mar 2018 10:19:26 GMT" time="0.010" errors="0">
  <testcase name="openbrowser" time="0.009" classname="examples.ParameterEx"/>
  <testcase name="logindata" time="0.001" classname="examples.ParameterEx"/>
</testsuite> <!-- examples.ParameterEx -->
