<?xml version="1.0" encoding="UTF-8"?>
<!-- Generated by org.testng.reporters.JUnitReportReporter -->
<testsuite skipped="0" hostname="BLRPRAFWD21790" name="com.practice.java.ArrayListEx" tests="1" failures="0" timestamp="22 Mar 2018 12:00:45 GMT" time="0.000" errors="0">
  <testcase name="t9" time="0.000" classname="com.practice.java.ArrayListEx"/>
</testsuite> <!-- com.practice.java.ArrayListEx -->
