<?xml version="1.0" encoding="UTF-8"?>
<!-- Generated by org.testng.reporters.JUnitReportReporter -->
<testsuite skipped="0" hostname="BLRPRAFWD21790" name="examples.MultipleTest" tests="4" failures="0" timestamp="13 Mar 2018 10:25:26 GMT" time="0.016" errors="0">
  <testcase name="One" time="0.000" classname="examples.MultipleTest"/>
  <testcase name="Two" time="0.000" classname="examples.MultipleTest"/>
  <testcase name="Three" time="0.000" classname="examples.MultipleTest"/>
  <testcase name="Four" time="0.016" classname="examples.MultipleTest"/>
</testsuite> <!-- examples.MultipleTest -->
