<?xml version="1.0" encoding="UTF-8"?>
<!-- Generated by org.testng.reporters.JUnitReportReporter -->
<testsuite skipped="0" hostname="BLRPRAFWD21790" name="examples.TestNGExample" tests="2" failures="0" timestamp="13 Mar 2018 10:32:58 GMT" time="0.020" errors="0">
  <testcase name="t2" time="0.013" classname="examples.TestNGExample"/>
  <testcase name="t1" time="0.007" classname="examples.TestNGExample"/>
</testsuite> <!-- examples.TestNGExample -->
