<?xml version="1.0" encoding="UTF-8"?>
<!-- Generated by org.testng.reporters.JUnitReportReporter -->
<testsuite skipped="0" hostname="BLRPRAFWD21790" name="examples.TestCase" tests="1" failures="0" timestamp="16 Mar 2018 09:42:19 GMT" time="22.791" errors="0">
  <testcase name="testNGtestcase" time="22.791" classname="examples.TestCase"/>
</testsuite> <!-- examples.TestCase -->
