<?xml version="1.0" encoding="UTF-8"?>
<!-- Generated by org.testng.reporters.JUnitReportReporter -->
<testsuite skipped="0" hostname="BLRPRAFWD21790" name="examples.AnnotationExample" tests="2" failures="0" timestamp="19 Mar 2018 08:02:05 GMT" time="0.006" errors="0">
  <testcase name="t1" time="0.004" classname="examples.AnnotationExample"/>
  <testcase name="t2" time="0.002" classname="examples.AnnotationExample"/>
</testsuite> <!-- examples.AnnotationExample -->
