<?xml version="1.0" encoding="UTF-8"?>
<!-- Generated by org.testng.reporters.JUnitReportReporter -->
<testsuite skipped="1" hostname="BLRPRAFWD21790" name="com.practice.examples.IgnoreTest" tests="2" failures="0" timestamp="19 Mar 2018 13:26:13 GMT" time="0.002" errors="0">
  <testcase name="t11" time="0.002" classname="com.practice.examples.IgnoreTest"/>
  <testcase name="t1" classname="com.practice.examples.IgnoreTest">
    <skipped/>
  </testcase> <!-- t1 -->
</testsuite> <!-- com.practice.examples.IgnoreTest -->
