<?xml version="1.0" encoding="UTF-8"?>
<!-- Generated by org.testng.reporters.JUnitReportReporter -->
<testsuite skipped="0" hostname="BLRPRAFWD21790" name="com.practice.java.Forloopex" tests="2" failures="0" timestamp="20 Mar 2018 10:13:37 GMT" time="0.008" errors="0">
  <testcase name="t1" time="0.007" classname="com.practice.java.Forloopex"/>
  <testcase name="t2" time="0.001" classname="com.practice.java.Forloopex"/>
</testsuite> <!-- com.practice.java.Forloopex -->
