<?xml version="1.0" encoding="UTF-8"?>
<!-- Generated by org.testng.reporters.JUnitReportReporter -->
<testsuite skipped="0" hostname="BLRPRAFWD21790" name="examples.PriorityExampled" tests="4" failures="0" timestamp="14 Mar 2018 08:10:42 GMT" time="0.032" errors="0">
  <testcase name="openBrowser" time="0.031" classname="examples.PriorityExampled"/>
  <testcase name="launchGoogle" time="0.000" classname="examples.PriorityExampled"/>
  <testcase name="peformSeach" time="0.000" classname="examples.PriorityExampled"/>
  <testcase name="closeBrowser" time="0.001" classname="examples.PriorityExampled"/>
</testsuite> <!-- examples.PriorityExampled -->
