<?xml version="1.0" encoding="UTF-8"?>
<!-- Generated by org.testng.reporters.JUnitReportReporter -->
<testsuite skipped="1" hostname="BLRPRAFWD21790" name="examples.IgnoreTest" tests="2" failures="0" timestamp="19 Mar 2018 09:44:50 GMT" time="0.007" errors="0">
  <testcase name="t11" time="0.007" classname="examples.IgnoreTest"/>
  <testcase name="t1" classname="examples.IgnoreTest">
    <skipped/>
  </testcase> <!-- t1 -->
</testsuite> <!-- examples.IgnoreTest -->
