<?xml version="1.0" encoding="UTF-8"?>
<!-- Generated by org.testng.reporters.JUnitReportReporter -->
<testsuite skipped="0" hostname="BLRPRAFWD21790" name="com.practice.examples.DataProviderEX" tests="3" failures="0" timestamp="20 Mar 2018 07:31:06 GMT" time="0.009" errors="0">
  <testcase name="t1" time="0.001" classname="com.practice.examples.DataProviderEX"/>
  <testcase name="t1" time="0.001" classname="com.practice.examples.DataProviderEX"/>
  <testcase name="t1" time="0.007" classname="com.practice.examples.DataProviderEX"/>
</testsuite> <!-- com.practice.examples.DataProviderEX -->
